
*** Running vivado
    with args -log blk_mem_gen_1.vds -m64 -product Vivado -mode batch -messageDb vivado.pb -notrace -source blk_mem_gen_1.tcl


****** Vivado v2018.1 (64-bit)
  **** SW Build 2188600 on Wed Apr  4 18:40:38 MDT 2018
  **** IP Build 2185939 on Wed Apr  4 20:55:05 MDT 2018
    ** Copyright 1986-2018 Xilinx, Inc. All Rights Reserved.

source blk_mem_gen_1.tcl -notrace
Command: synth_design -top blk_mem_gen_1 -part xc7z100ffg900-2 -mode out_of_context
Starting synth_design
Attempting to get a license for feature 'Synthesis' and/or device 'xc7z100'
INFO: [Common 17-349] Got license for feature 'Synthesis' and/or device 'xc7z100'
INFO: Launching helper process for spawning children vivado processes
INFO: Helper process launched with PID 11132 
---------------------------------------------------------------------------------
Starting RTL Elaboration : Time (s): cpu = 00:00:09 ; elapsed = 00:00:12 . Memory (MB): peak = 448.465 ; gain = 102.566
---------------------------------------------------------------------------------
INFO: [Synth 8-638] synthesizing module 'blk_mem_gen_1' [f:/work files/AHeap-vivado/AHeap/AHeap.srcs/sources_1/ip/blk_mem_gen_1/synth/blk_mem_gen_1.vhd:76]
	Parameter C_FAMILY bound to: zynq - type: string 
	Parameter C_XDEVICEFAMILY bound to: zynq - type: string 
	Parameter C_ELABORATION_DIR bound to: ./ - type: string 
	Parameter C_INTERFACE_TYPE bound to: 0 - type: integer 
	Parameter C_AXI_TYPE bound to: 1 - type: integer 
	Parameter C_AXI_SLAVE_TYPE bound to: 0 - type: integer 
	Parameter C_USE_BRAM_BLOCK bound to: 0 - type: integer 
	Parameter C_ENABLE_32BIT_ADDRESS bound to: 0 - type: integer 
	Parameter C_CTRL_ECC_ALGO bound to: NONE - type: string 
	Parameter C_HAS_AXI_ID bound to: 0 - type: integer 
	Parameter C_AXI_ID_WIDTH bound to: 4 - type: integer 
	Parameter C_MEM_TYPE bound to: 2 - type: integer 
	Parameter C_BYTE_SIZE bound to: 9 - type: integer 
	Parameter C_ALGORITHM bound to: 1 - type: integer 
	Parameter C_PRIM_TYPE bound to: 1 - type: integer 
	Parameter C_LOAD_INIT_FILE bound to: 0 - type: integer 
	Parameter C_INIT_FILE_NAME bound to: no_coe_file_loaded - type: string 
	Parameter C_INIT_FILE bound to: blk_mem_gen_1.mem - type: string 
	Parameter C_USE_DEFAULT_DATA bound to: 0 - type: integer 
	Parameter C_DEFAULT_DATA bound to: 0 - type: string 
	Parameter C_HAS_RSTA bound to: 0 - type: integer 
	Parameter C_RST_PRIORITY_A bound to: CE - type: string 
	Parameter C_RSTRAM_A bound to: 0 - type: integer 
	Parameter C_INITA_VAL bound to: 0 - type: string 
	Parameter C_HAS_ENA bound to: 1 - type: integer 
	Parameter C_HAS_REGCEA bound to: 0 - type: integer 
	Parameter C_USE_BYTE_WEA bound to: 0 - type: integer 
	Parameter C_WEA_WIDTH bound to: 1 - type: integer 
	Parameter C_WRITE_MODE_A bound to: WRITE_FIRST - type: string 
	Parameter C_WRITE_WIDTH_A bound to: 192 - type: integer 
	Parameter C_READ_WIDTH_A bound to: 192 - type: integer 
	Parameter C_WRITE_DEPTH_A bound to: 16384 - type: integer 
	Parameter C_READ_DEPTH_A bound to: 16384 - type: integer 
	Parameter C_ADDRA_WIDTH bound to: 14 - type: integer 
	Parameter C_HAS_RSTB bound to: 0 - type: integer 
	Parameter C_RST_PRIORITY_B bound to: CE - type: string 
	Parameter C_RSTRAM_B bound to: 0 - type: integer 
	Parameter C_INITB_VAL bound to: 0 - type: string 
	Parameter C_HAS_ENB bound to: 1 - type: integer 
	Parameter C_HAS_REGCEB bound to: 0 - type: integer 
	Parameter C_USE_BYTE_WEB bound to: 0 - type: integer 
	Parameter C_WEB_WIDTH bound to: 1 - type: integer 
	Parameter C_WRITE_MODE_B bound to: WRITE_FIRST - type: string 
	Parameter C_WRITE_WIDTH_B bound to: 192 - type: integer 
	Parameter C_READ_WIDTH_B bound to: 192 - type: integer 
	Parameter C_WRITE_DEPTH_B bound to: 16384 - type: integer 
	Parameter C_READ_DEPTH_B bound to: 16384 - type: integer 
	Parameter C_ADDRB_WIDTH bound to: 14 - type: integer 
	Parameter C_HAS_MEM_OUTPUT_REGS_A bound to: 0 - type: integer 
	Parameter C_HAS_MEM_OUTPUT_REGS_B bound to: 0 - type: integer 
	Parameter C_HAS_MUX_OUTPUT_REGS_A bound to: 0 - type: integer 
	Parameter C_HAS_MUX_OUTPUT_REGS_B bound to: 0 - type: integer 
	Parameter C_MUX_PIPELINE_STAGES bound to: 0 - type: integer 
	Parameter C_HAS_SOFTECC_INPUT_REGS_A bound to: 0 - type: integer 
	Parameter C_HAS_SOFTECC_OUTPUT_REGS_B bound to: 0 - type: integer 
	Parameter C_USE_SOFTECC bound to: 0 - type: integer 
	Parameter C_USE_ECC bound to: 0 - type: integer 
	Parameter C_EN_ECC_PIPE bound to: 0 - type: integer 
	Parameter C_HAS_INJECTERR bound to: 0 - type: integer 
	Parameter C_SIM_COLLISION_CHECK bound to: ALL - type: string 
	Parameter C_COMMON_CLK bound to: 0 - type: integer 
	Parameter C_DISABLE_WARN_BHV_COLL bound to: 0 - type: integer 
	Parameter C_EN_SLEEP_PIN bound to: 0 - type: integer 
	Parameter C_USE_URAM bound to: 0 - type: integer 
	Parameter C_EN_RDADDRA_CHG bound to: 0 - type: integer 
	Parameter C_EN_RDADDRB_CHG bound to: 0 - type: integer 
	Parameter C_EN_DEEPSLEEP_PIN bound to: 0 - type: integer 
	Parameter C_EN_SHUTDOWN_PIN bound to: 0 - type: integer 
	Parameter C_EN_SAFETY_CKT bound to: 0 - type: integer 
	Parameter C_DISABLE_WARN_BHV_RANGE bound to: 0 - type: integer 
	Parameter C_COUNT_36K_BRAM bound to: 85 - type: string 
	Parameter C_COUNT_18K_BRAM bound to: 1 - type: string 
	Parameter C_EST_POWER_SUMMARY bound to: Estimated Power for IP     :     114.971488 mW - type: string 
INFO: [Synth 8-3491] module 'blk_mem_gen_v8_4_1' declared at 'f:/work files/AHeap-vivado/AHeap/AHeap.srcs/sources_1/ip/blk_mem_gen_1/hdl/blk_mem_gen_v8_4_vhsyn_rfs.vhd:195313' bound to instance 'U0' of component 'blk_mem_gen_v8_4_1' [f:/work files/AHeap-vivado/AHeap/AHeap.srcs/sources_1/ip/blk_mem_gen_1/synth/blk_mem_gen_1.vhd:247]
INFO: [Synth 8-256] done synthesizing module 'blk_mem_gen_1' (11#1) [f:/work files/AHeap-vivado/AHeap/AHeap.srcs/sources_1/ip/blk_mem_gen_1/synth/blk_mem_gen_1.vhd:76]
WARNING: [Synth 8-3331] design blk_mem_gen_mux__parameterized0 has unconnected port MUX_RST[0]
WARNING: [Synth 8-3331] design blk_mem_gen_mux__parameterized0 has unconnected port MEM_LAT_RST
WARNING: [Synth 8-3331] design blk_mem_gen_mux__parameterized0 has unconnected port MEM_REG_RST
WARNING: [Synth 8-3331] design blk_mem_gen_mux__parameterized0 has unconnected port MUX_REGCE[0]
WARNING: [Synth 8-3331] design blk_mem_gen_mux__parameterized0 has unconnected port MEM_REGCE
WARNING: [Synth 8-3331] design blk_mem_gen_mux__parameterized0 has unconnected port WE
WARNING: [Synth 8-3331] design blk_mem_gen_mux__parameterized0 has unconnected port ADDR_IN[13]
WARNING: [Synth 8-3331] design blk_mem_gen_mux__parameterized0 has unconnected port ADDR_IN[12]
WARNING: [Synth 8-3331] design blk_mem_gen_mux__parameterized0 has unconnected port ADDR_IN[11]
WARNING: [Synth 8-3331] design blk_mem_gen_mux__parameterized0 has unconnected port ADDR_IN[10]
WARNING: [Synth 8-3331] design blk_mem_gen_mux__parameterized0 has unconnected port ADDR_IN[9]
WARNING: [Synth 8-3331] design blk_mem_gen_mux__parameterized0 has unconnected port ADDR_IN[8]
WARNING: [Synth 8-3331] design blk_mem_gen_mux__parameterized0 has unconnected port ADDR_IN[7]
WARNING: [Synth 8-3331] design blk_mem_gen_mux__parameterized0 has unconnected port ADDR_IN[6]
WARNING: [Synth 8-3331] design blk_mem_gen_mux__parameterized0 has unconnected port ADDR_IN[5]
WARNING: [Synth 8-3331] design blk_mem_gen_mux__parameterized0 has unconnected port ADDR_IN[4]
WARNING: [Synth 8-3331] design blk_mem_gen_mux__parameterized0 has unconnected port ADDR_IN[3]
WARNING: [Synth 8-3331] design blk_mem_gen_mux__parameterized0 has unconnected port ADDR_IN[2]
WARNING: [Synth 8-3331] design blk_mem_gen_mux__parameterized0 has unconnected port ADDR_IN[1]
WARNING: [Synth 8-3331] design blk_mem_gen_mux__parameterized0 has unconnected port ADDR_IN[0]
WARNING: [Synth 8-3331] design blk_mem_gen_mux__parameterized0 has unconnected port SBITERRIN[767]
WARNING: [Synth 8-3331] design blk_mem_gen_mux__parameterized0 has unconnected port SBITERRIN[766]
WARNING: [Synth 8-3331] design blk_mem_gen_mux__parameterized0 has unconnected port SBITERRIN[765]
WARNING: [Synth 8-3331] design blk_mem_gen_mux__parameterized0 has unconnected port SBITERRIN[764]
WARNING: [Synth 8-3331] design blk_mem_gen_mux__parameterized0 has unconnected port SBITERRIN[763]
WARNING: [Synth 8-3331] design blk_mem_gen_mux__parameterized0 has unconnected port SBITERRIN[762]
WARNING: [Synth 8-3331] design blk_mem_gen_mux__parameterized0 has unconnected port SBITERRIN[761]
WARNING: [Synth 8-3331] design blk_mem_gen_mux__parameterized0 has unconnected port SBITERRIN[760]
WARNING: [Synth 8-3331] design blk_mem_gen_mux__parameterized0 has unconnected port SBITERRIN[759]
WARNING: [Synth 8-3331] design blk_mem_gen_mux__parameterized0 has unconnected port SBITERRIN[758]
WARNING: [Synth 8-3331] design blk_mem_gen_mux__parameterized0 has unconnected port SBITERRIN[757]
WARNING: [Synth 8-3331] design blk_mem_gen_mux__parameterized0 has unconnected port SBITERRIN[756]
WARNING: [Synth 8-3331] design blk_mem_gen_mux__parameterized0 has unconnected port SBITERRIN[755]
WARNING: [Synth 8-3331] design blk_mem_gen_mux__parameterized0 has unconnected port SBITERRIN[754]
WARNING: [Synth 8-3331] design blk_mem_gen_mux__parameterized0 has unconnected port SBITERRIN[753]
WARNING: [Synth 8-3331] design blk_mem_gen_mux__parameterized0 has unconnected port SBITERRIN[752]
WARNING: [Synth 8-3331] design blk_mem_gen_mux__parameterized0 has unconnected port SBITERRIN[751]
WARNING: [Synth 8-3331] design blk_mem_gen_mux__parameterized0 has unconnected port SBITERRIN[750]
WARNING: [Synth 8-3331] design blk_mem_gen_mux__parameterized0 has unconnected port SBITERRIN[749]
WARNING: [Synth 8-3331] design blk_mem_gen_mux__parameterized0 has unconnected port SBITERRIN[748]
WARNING: [Synth 8-3331] design blk_mem_gen_mux__parameterized0 has unconnected port SBITERRIN[747]
WARNING: [Synth 8-3331] design blk_mem_gen_mux__parameterized0 has unconnected port SBITERRIN[746]
WARNING: [Synth 8-3331] design blk_mem_gen_mux__parameterized0 has unconnected port SBITERRIN[745]
WARNING: [Synth 8-3331] design blk_mem_gen_mux__parameterized0 has unconnected port SBITERRIN[744]
WARNING: [Synth 8-3331] design blk_mem_gen_mux__parameterized0 has unconnected port SBITERRIN[743]
WARNING: [Synth 8-3331] design blk_mem_gen_mux__parameterized0 has unconnected port SBITERRIN[742]
WARNING: [Synth 8-3331] design blk_mem_gen_mux__parameterized0 has unconnected port SBITERRIN[741]
WARNING: [Synth 8-3331] design blk_mem_gen_mux__parameterized0 has unconnected port SBITERRIN[740]
WARNING: [Synth 8-3331] design blk_mem_gen_mux__parameterized0 has unconnected port SBITERRIN[739]
WARNING: [Synth 8-3331] design blk_mem_gen_mux__parameterized0 has unconnected port SBITERRIN[738]
WARNING: [Synth 8-3331] design blk_mem_gen_mux__parameterized0 has unconnected port SBITERRIN[737]
WARNING: [Synth 8-3331] design blk_mem_gen_mux__parameterized0 has unconnected port SBITERRIN[736]
WARNING: [Synth 8-3331] design blk_mem_gen_mux__parameterized0 has unconnected port SBITERRIN[735]
WARNING: [Synth 8-3331] design blk_mem_gen_mux__parameterized0 has unconnected port SBITERRIN[734]
WARNING: [Synth 8-3331] design blk_mem_gen_mux__parameterized0 has unconnected port SBITERRIN[733]
WARNING: [Synth 8-3331] design blk_mem_gen_mux__parameterized0 has unconnected port SBITERRIN[732]
WARNING: [Synth 8-3331] design blk_mem_gen_mux__parameterized0 has unconnected port SBITERRIN[731]
WARNING: [Synth 8-3331] design blk_mem_gen_mux__parameterized0 has unconnected port SBITERRIN[730]
WARNING: [Synth 8-3331] design blk_mem_gen_mux__parameterized0 has unconnected port SBITERRIN[729]
WARNING: [Synth 8-3331] design blk_mem_gen_mux__parameterized0 has unconnected port SBITERRIN[728]
WARNING: [Synth 8-3331] design blk_mem_gen_mux__parameterized0 has unconnected port SBITERRIN[727]
WARNING: [Synth 8-3331] design blk_mem_gen_mux__parameterized0 has unconnected port SBITERRIN[726]
WARNING: [Synth 8-3331] design blk_mem_gen_mux__parameterized0 has unconnected port SBITERRIN[725]
WARNING: [Synth 8-3331] design blk_mem_gen_mux__parameterized0 has unconnected port SBITERRIN[724]
WARNING: [Synth 8-3331] design blk_mem_gen_mux__parameterized0 has unconnected port SBITERRIN[723]
WARNING: [Synth 8-3331] design blk_mem_gen_mux__parameterized0 has unconnected port SBITERRIN[722]
WARNING: [Synth 8-3331] design blk_mem_gen_mux__parameterized0 has unconnected port SBITERRIN[721]
WARNING: [Synth 8-3331] design blk_mem_gen_mux__parameterized0 has unconnected port SBITERRIN[720]
WARNING: [Synth 8-3331] design blk_mem_gen_mux__parameterized0 has unconnected port SBITERRIN[719]
WARNING: [Synth 8-3331] design blk_mem_gen_mux__parameterized0 has unconnected port SBITERRIN[718]
WARNING: [Synth 8-3331] design blk_mem_gen_mux__parameterized0 has unconnected port SBITERRIN[717]
WARNING: [Synth 8-3331] design blk_mem_gen_mux__parameterized0 has unconnected port SBITERRIN[716]
WARNING: [Synth 8-3331] design blk_mem_gen_mux__parameterized0 has unconnected port SBITERRIN[715]
WARNING: [Synth 8-3331] design blk_mem_gen_mux__parameterized0 has unconnected port SBITERRIN[714]
WARNING: [Synth 8-3331] design blk_mem_gen_mux__parameterized0 has unconnected port SBITERRIN[713]
WARNING: [Synth 8-3331] design blk_mem_gen_mux__parameterized0 has unconnected port SBITERRIN[712]
WARNING: [Synth 8-3331] design blk_mem_gen_mux__parameterized0 has unconnected port SBITERRIN[711]
WARNING: [Synth 8-3331] design blk_mem_gen_mux__parameterized0 has unconnected port SBITERRIN[710]
WARNING: [Synth 8-3331] design blk_mem_gen_mux__parameterized0 has unconnected port SBITERRIN[709]
WARNING: [Synth 8-3331] design blk_mem_gen_mux__parameterized0 has unconnected port SBITERRIN[708]
WARNING: [Synth 8-3331] design blk_mem_gen_mux__parameterized0 has unconnected port SBITERRIN[707]
WARNING: [Synth 8-3331] design blk_mem_gen_mux__parameterized0 has unconnected port SBITERRIN[706]
WARNING: [Synth 8-3331] design blk_mem_gen_mux__parameterized0 has unconnected port SBITERRIN[705]
WARNING: [Synth 8-3331] design blk_mem_gen_mux__parameterized0 has unconnected port SBITERRIN[704]
WARNING: [Synth 8-3331] design blk_mem_gen_mux__parameterized0 has unconnected port SBITERRIN[703]
WARNING: [Synth 8-3331] design blk_mem_gen_mux__parameterized0 has unconnected port SBITERRIN[702]
WARNING: [Synth 8-3331] design blk_mem_gen_mux__parameterized0 has unconnected port SBITERRIN[701]
WARNING: [Synth 8-3331] design blk_mem_gen_mux__parameterized0 has unconnected port SBITERRIN[700]
WARNING: [Synth 8-3331] design blk_mem_gen_mux__parameterized0 has unconnected port SBITERRIN[699]
WARNING: [Synth 8-3331] design blk_mem_gen_mux__parameterized0 has unconnected port SBITERRIN[698]
WARNING: [Synth 8-3331] design blk_mem_gen_mux__parameterized0 has unconnected port SBITERRIN[697]
WARNING: [Synth 8-3331] design blk_mem_gen_mux__parameterized0 has unconnected port SBITERRIN[696]
WARNING: [Synth 8-3331] design blk_mem_gen_mux__parameterized0 has unconnected port SBITERRIN[695]
WARNING: [Synth 8-3331] design blk_mem_gen_mux__parameterized0 has unconnected port SBITERRIN[694]
WARNING: [Synth 8-3331] design blk_mem_gen_mux__parameterized0 has unconnected port SBITERRIN[693]
WARNING: [Synth 8-3331] design blk_mem_gen_mux__parameterized0 has unconnected port SBITERRIN[692]
WARNING: [Synth 8-3331] design blk_mem_gen_mux__parameterized0 has unconnected port SBITERRIN[691]
WARNING: [Synth 8-3331] design blk_mem_gen_mux__parameterized0 has unconnected port SBITERRIN[690]
WARNING: [Synth 8-3331] design blk_mem_gen_mux__parameterized0 has unconnected port SBITERRIN[689]
WARNING: [Synth 8-3331] design blk_mem_gen_mux__parameterized0 has unconnected port SBITERRIN[688]
INFO: [Common 17-14] Message 'Synth 8-3331' appears 100 times and further instances of the messages will be disabled. Use the Tcl command set_msg_config to change the current settings.
---------------------------------------------------------------------------------
Finished RTL Elaboration : Time (s): cpu = 00:02:44 ; elapsed = 00:02:48 . Memory (MB): peak = 754.176 ; gain = 408.277
---------------------------------------------------------------------------------

Report Check Netlist: 
+------+------------------+-------+---------+-------+------------------+
|      |Item              |Errors |Warnings |Status |Description       |
+------+------------------+-------+---------+-------+------------------+
|1     |multi_driven_nets |      0|        0|Passed |Multi driven nets |
+------+------------------+-------+---------+-------+------------------+
---------------------------------------------------------------------------------
Start Handling Custom Attributes
---------------------------------------------------------------------------------
---------------------------------------------------------------------------------
Finished Handling Custom Attributes : Time (s): cpu = 00:02:44 ; elapsed = 00:02:48 . Memory (MB): peak = 754.176 ; gain = 408.277
---------------------------------------------------------------------------------
---------------------------------------------------------------------------------
Finished RTL Optimization Phase 1 : Time (s): cpu = 00:02:44 ; elapsed = 00:02:48 . Memory (MB): peak = 754.176 ; gain = 408.277
---------------------------------------------------------------------------------
INFO: [Netlist 29-17] Analyzing 86 Unisim elements for replacement
INFO: [Netlist 29-28] Unisim Transformation completed in 0 CPU seconds
INFO: [Device 21-403] Loading part xc7z100ffg900-2
INFO: [Project 1-570] Preparing netlist for logic optimization

Processing XDC Constraints
Initializing timing engine
Parsing XDC File [f:/work files/AHeap-vivado/AHeap/AHeap.srcs/sources_1/ip/blk_mem_gen_1/blk_mem_gen_1_ooc.xdc] for cell 'U0'
Finished Parsing XDC File [f:/work files/AHeap-vivado/AHeap/AHeap.srcs/sources_1/ip/blk_mem_gen_1/blk_mem_gen_1_ooc.xdc] for cell 'U0'
Parsing XDC File [F:/work files/AHeap-vivado/AHeap/AHeap.runs/blk_mem_gen_1_synth_1/dont_touch.xdc]
Finished Parsing XDC File [F:/work files/AHeap-vivado/AHeap/AHeap.runs/blk_mem_gen_1_synth_1/dont_touch.xdc]
Completed Processing XDC Constraints

INFO: [Project 1-111] Unisim Transformation Summary:
No Unisim elements were transformed.

Constraint Validation Runtime : Time (s): cpu = 00:00:00 ; elapsed = 00:00:00.054 . Memory (MB): peak = 1019.996 ; gain = 1.570
---------------------------------------------------------------------------------
Finished Constraint Validation : Time (s): cpu = 00:03:01 ; elapsed = 00:03:08 . Memory (MB): peak = 1019.996 ; gain = 674.098
---------------------------------------------------------------------------------
---------------------------------------------------------------------------------
Start Loading Part and Timing Information
---------------------------------------------------------------------------------
Loading part: xc7z100ffg900-2
---------------------------------------------------------------------------------
Finished Loading Part and Timing Information : Time (s): cpu = 00:03:01 ; elapsed = 00:03:08 . Memory (MB): peak = 1019.996 ; gain = 674.098
---------------------------------------------------------------------------------
---------------------------------------------------------------------------------
Start Applying 'set_property' XDC Constraints
---------------------------------------------------------------------------------
Applied set_property DONT_TOUCH = true for U0. (constraint file  {F:/work files/AHeap-vivado/AHeap/AHeap.runs/blk_mem_gen_1_synth_1/dont_touch.xdc}, line 9).
---------------------------------------------------------------------------------
Finished applying 'set_property' XDC Constraints : Time (s): cpu = 00:03:01 ; elapsed = 00:03:08 . Memory (MB): peak = 1019.996 ; gain = 674.098
---------------------------------------------------------------------------------
---------------------------------------------------------------------------------
Finished RTL Optimization Phase 2 : Time (s): cpu = 00:03:04 ; elapsed = 00:03:11 . Memory (MB): peak = 1019.996 ; gain = 674.098
---------------------------------------------------------------------------------

Report RTL Partitions: 
+-+--------------+------------+----------+
| |RTL Partition |Replication |Instances |
+-+--------------+------------+----------+
+-+--------------+------------+----------+
---------------------------------------------------------------------------------
Start RTL Component Statistics 
---------------------------------------------------------------------------------
Detailed RTL Component Info : 
+---Registers : 
	                2 Bit    Registers := 2     
+---Muxes : 
	   4 Input    192 Bit        Muxes := 2     
	   2 Input      1 Bit        Muxes := 8     
---------------------------------------------------------------------------------
Finished RTL Component Statistics 
---------------------------------------------------------------------------------
---------------------------------------------------------------------------------
Start RTL Hierarchical Component Statistics 
---------------------------------------------------------------------------------
Hierarchical RTL Component report 
Module bindec 
Detailed RTL Component Info : 
+---Muxes : 
	   2 Input      1 Bit        Muxes := 4     
Module blk_mem_gen_mux 
Detailed RTL Component Info : 
+---Registers : 
	                2 Bit    Registers := 1     
+---Muxes : 
	   4 Input    192 Bit        Muxes := 1     
Module blk_mem_gen_mux__parameterized0 
Detailed RTL Component Info : 
+---Registers : 
	                2 Bit    Registers := 1     
+---Muxes : 
	   4 Input    192 Bit        Muxes := 1     
---------------------------------------------------------------------------------
Finished RTL Hierarchical Component Statistics
---------------------------------------------------------------------------------
---------------------------------------------------------------------------------
Start Part Resource Summary
---------------------------------------------------------------------------------
Part Resources:
DSPs: 2020 (col length:140)
BRAMs: 1510 (col length: RAMB18 140 RAMB36 70)
---------------------------------------------------------------------------------
Finished Part Resource Summary
---------------------------------------------------------------------------------
---------------------------------------------------------------------------------
Start Cross Boundary and Area Optimization
---------------------------------------------------------------------------------
Warning: Parallel synthesis criteria is not met 
---------------------------------------------------------------------------------
Finished Cross Boundary and Area Optimization : Time (s): cpu = 00:03:05 ; elapsed = 00:03:13 . Memory (MB): peak = 1019.996 ; gain = 674.098
---------------------------------------------------------------------------------

Report RTL Partitions: 
+-+--------------+------------+----------+
| |RTL Partition |Replication |Instances |
+-+--------------+------------+----------+
+-+--------------+------------+----------+
---------------------------------------------------------------------------------
Start Applying XDC Timing Constraints
---------------------------------------------------------------------------------
---------------------------------------------------------------------------------
Finished Applying XDC Timing Constraints : Time (s): cpu = 00:03:15 ; elapsed = 00:03:25 . Memory (MB): peak = 1019.996 ; gain = 674.098
---------------------------------------------------------------------------------
---------------------------------------------------------------------------------
Start Timing Optimization
---------------------------------------------------------------------------------
---------------------------------------------------------------------------------
Finished Timing Optimization : Time (s): cpu = 00:03:16 ; elapsed = 00:03:25 . Memory (MB): peak = 1019.996 ; gain = 674.098
---------------------------------------------------------------------------------

Report RTL Partitions: 
+-+--------------+------------+----------+
| |RTL Partition |Replication |Instances |
+-+--------------+------------+----------+
+-+--------------+------------+----------+
---------------------------------------------------------------------------------
Start Technology Mapping
---------------------------------------------------------------------------------
---------------------------------------------------------------------------------
Finished Technology Mapping : Time (s): cpu = 00:03:16 ; elapsed = 00:03:26 . Memory (MB): peak = 1019.996 ; gain = 674.098
---------------------------------------------------------------------------------

Report RTL Partitions: 
+-+--------------+------------+----------+
| |RTL Partition |Replication |Instances |
+-+--------------+------------+----------+
+-+--------------+------------+----------+
---------------------------------------------------------------------------------
Start IO Insertion
---------------------------------------------------------------------------------
---------------------------------------------------------------------------------
Start Flattening Before IO Insertion
---------------------------------------------------------------------------------
---------------------------------------------------------------------------------
Finished Flattening Before IO Insertion
---------------------------------------------------------------------------------
---------------------------------------------------------------------------------
Start Final Netlist Cleanup
---------------------------------------------------------------------------------
---------------------------------------------------------------------------------
Finished Final Netlist Cleanup
---------------------------------------------------------------------------------
---------------------------------------------------------------------------------
Finished IO Insertion : Time (s): cpu = 00:03:17 ; elapsed = 00:03:27 . Memory (MB): peak = 1019.996 ; gain = 674.098
---------------------------------------------------------------------------------

Report Check Netlist: 
+------+------------------+-------+---------+-------+------------------+
|      |Item              |Errors |Warnings |Status |Description       |
+------+------------------+-------+---------+-------+------------------+
|1     |multi_driven_nets |      0|        0|Passed |Multi driven nets |
+------+------------------+-------+---------+-------+------------------+
---------------------------------------------------------------------------------
Start Renaming Generated Instances
---------------------------------------------------------------------------------
---------------------------------------------------------------------------------
Finished Renaming Generated Instances : Time (s): cpu = 00:03:17 ; elapsed = 00:03:27 . Memory (MB): peak = 1019.996 ; gain = 674.098
---------------------------------------------------------------------------------

Report RTL Partitions: 
+-+--------------+------------+----------+
| |RTL Partition |Replication |Instances |
+-+--------------+------------+----------+
+-+--------------+------------+----------+
---------------------------------------------------------------------------------
Start Rebuilding User Hierarchy
---------------------------------------------------------------------------------
---------------------------------------------------------------------------------
Finished Rebuilding User Hierarchy : Time (s): cpu = 00:03:17 ; elapsed = 00:03:27 . Memory (MB): peak = 1019.996 ; gain = 674.098
---------------------------------------------------------------------------------
---------------------------------------------------------------------------------
Start Renaming Generated Ports
---------------------------------------------------------------------------------
---------------------------------------------------------------------------------
Finished Renaming Generated Ports : Time (s): cpu = 00:03:17 ; elapsed = 00:03:27 . Memory (MB): peak = 1019.996 ; gain = 674.098
---------------------------------------------------------------------------------
---------------------------------------------------------------------------------
Start Handling Custom Attributes
---------------------------------------------------------------------------------
---------------------------------------------------------------------------------
Finished Handling Custom Attributes : Time (s): cpu = 00:03:18 ; elapsed = 00:03:27 . Memory (MB): peak = 1019.996 ; gain = 674.098
---------------------------------------------------------------------------------
---------------------------------------------------------------------------------
Start Renaming Generated Nets
---------------------------------------------------------------------------------
---------------------------------------------------------------------------------
Finished Renaming Generated Nets : Time (s): cpu = 00:03:18 ; elapsed = 00:03:27 . Memory (MB): peak = 1019.996 ; gain = 674.098
---------------------------------------------------------------------------------
---------------------------------------------------------------------------------
Start Writing Synthesis Report
---------------------------------------------------------------------------------

Report BlackBoxes: 
+-+--------------+----------+
| |BlackBox name |Instances |
+-+--------------+----------+
+-+--------------+----------+

Report Cell Usage: 
+------+-----------+------+
|      |Cell       |Count |
+------+-----------+------+
|1     |LUT3       |    12|
|2     |LUT6       |   378|
|3     |RAMB18E1   |     1|
|4     |RAMB36E1   |     1|
|5     |RAMB36E1_1 |    84|
|6     |FDRE       |     4|
+------+-----------+------+

Report Instance Areas: 
+------+---------------------------------------------+------------------------------------------+------+
|      |Instance                                     |Module                                    |Cells |
+------+---------------------------------------------+------------------------------------------+------+
|1     |top                                          |                                          |   480|
|2     |  U0                                         |blk_mem_gen_v8_4_1                        |   480|
|3     |    inst_blk_mem_gen                         |blk_mem_gen_v8_4_1_synth                  |   480|
|4     |      \gnbram.gnativebmg.native_blk_mem_gen  |blk_mem_gen_top                           |   480|
|5     |        \valid.cstr                          |blk_mem_gen_generic_cstr                  |   480|
|6     |          \bindec_a.bindec_inst_a            |bindec                                    |     3|
|7     |          \bindec_b.bindec_inst_b            |bindec_0                                  |     3|
|8     |          \has_mux_a.A                       |blk_mem_gen_mux                           |   193|
|9     |          \has_mux_b.B                       |blk_mem_gen_mux__parameterized0           |   193|
|10    |          \ramloop[0].ram.r                  |blk_mem_gen_prim_width                    |     1|
|11    |            \prim_noinit.ram                 |blk_mem_gen_prim_wrapper                  |     1|
|12    |          \ramloop[10].ram.r                 |blk_mem_gen_prim_width__parameterized9    |     1|
|13    |            \prim_noinit.ram                 |blk_mem_gen_prim_wrapper__parameterized9  |     1|
|14    |          \ramloop[11].ram.r                 |blk_mem_gen_prim_width__parameterized10   |     1|
|15    |            \prim_noinit.ram                 |blk_mem_gen_prim_wrapper__parameterized10 |     1|
|16    |          \ramloop[12].ram.r                 |blk_mem_gen_prim_width__parameterized11   |     1|
|17    |            \prim_noinit.ram                 |blk_mem_gen_prim_wrapper__parameterized11 |     1|
|18    |          \ramloop[13].ram.r                 |blk_mem_gen_prim_width__parameterized12   |     1|
|19    |            \prim_noinit.ram                 |blk_mem_gen_prim_wrapper__parameterized12 |     1|
|20    |          \ramloop[14].ram.r                 |blk_mem_gen_prim_width__parameterized13   |     1|
|21    |            \prim_noinit.ram                 |blk_mem_gen_prim_wrapper__parameterized13 |     1|
|22    |          \ramloop[15].ram.r                 |blk_mem_gen_prim_width__parameterized14   |     1|
|23    |            \prim_noinit.ram                 |blk_mem_gen_prim_wrapper__parameterized14 |     1|
|24    |          \ramloop[16].ram.r                 |blk_mem_gen_prim_width__parameterized15   |     1|
|25    |            \prim_noinit.ram                 |blk_mem_gen_prim_wrapper__parameterized15 |     1|
|26    |          \ramloop[17].ram.r                 |blk_mem_gen_prim_width__parameterized16   |     1|
|27    |            \prim_noinit.ram                 |blk_mem_gen_prim_wrapper__parameterized16 |     1|
|28    |          \ramloop[18].ram.r                 |blk_mem_gen_prim_width__parameterized17   |     1|
|29    |            \prim_noinit.ram                 |blk_mem_gen_prim_wrapper__parameterized17 |     1|
|30    |          \ramloop[19].ram.r                 |blk_mem_gen_prim_width__parameterized18   |     1|
|31    |            \prim_noinit.ram                 |blk_mem_gen_prim_wrapper__parameterized18 |     1|
|32    |          \ramloop[1].ram.r                  |blk_mem_gen_prim_width__parameterized0    |     1|
|33    |            \prim_noinit.ram                 |blk_mem_gen_prim_wrapper__parameterized0  |     1|
|34    |          \ramloop[20].ram.r                 |blk_mem_gen_prim_width__parameterized19   |     1|
|35    |            \prim_noinit.ram                 |blk_mem_gen_prim_wrapper__parameterized19 |     1|
|36    |          \ramloop[21].ram.r                 |blk_mem_gen_prim_width__parameterized20   |     1|
|37    |            \prim_noinit.ram                 |blk_mem_gen_prim_wrapper__parameterized20 |     1|
|38    |          \ramloop[22].ram.r                 |blk_mem_gen_prim_width__parameterized21   |     1|
|39    |            \prim_noinit.ram                 |blk_mem_gen_prim_wrapper__parameterized21 |     1|
|40    |          \ramloop[23].ram.r                 |blk_mem_gen_prim_width__parameterized22   |     1|
|41    |            \prim_noinit.ram                 |blk_mem_gen_prim_wrapper__parameterized22 |     1|
|42    |          \ramloop[24].ram.r                 |blk_mem_gen_prim_width__parameterized23   |     1|
|43    |            \prim_noinit.ram                 |blk_mem_gen_prim_wrapper__parameterized23 |     1|
|44    |          \ramloop[25].ram.r                 |blk_mem_gen_prim_width__parameterized24   |     1|
|45    |            \prim_noinit.ram                 |blk_mem_gen_prim_wrapper__parameterized24 |     1|
|46    |          \ramloop[26].ram.r                 |blk_mem_gen_prim_width__parameterized25   |     1|
|47    |            \prim_noinit.ram                 |blk_mem_gen_prim_wrapper__parameterized25 |     1|
|48    |          \ramloop[27].ram.r                 |blk_mem_gen_prim_width__parameterized26   |     1|
|49    |            \prim_noinit.ram                 |blk_mem_gen_prim_wrapper__parameterized26 |     1|
|50    |          \ramloop[28].ram.r                 |blk_mem_gen_prim_width__parameterized27   |     1|
|51    |            \prim_noinit.ram                 |blk_mem_gen_prim_wrapper__parameterized27 |     1|
|52    |          \ramloop[29].ram.r                 |blk_mem_gen_prim_width__parameterized28   |     1|
|53    |            \prim_noinit.ram                 |blk_mem_gen_prim_wrapper__parameterized28 |     1|
|54    |          \ramloop[2].ram.r                  |blk_mem_gen_prim_width__parameterized1    |     1|
|55    |            \prim_noinit.ram                 |blk_mem_gen_prim_wrapper__parameterized1  |     1|
|56    |          \ramloop[30].ram.r                 |blk_mem_gen_prim_width__parameterized29   |     1|
|57    |            \prim_noinit.ram                 |blk_mem_gen_prim_wrapper__parameterized29 |     1|
|58    |          \ramloop[31].ram.r                 |blk_mem_gen_prim_width__parameterized30   |     1|
|59    |            \prim_noinit.ram                 |blk_mem_gen_prim_wrapper__parameterized30 |     1|
|60    |          \ramloop[32].ram.r                 |blk_mem_gen_prim_width__parameterized31   |     1|
|61    |            \prim_noinit.ram                 |blk_mem_gen_prim_wrapper__parameterized31 |     1|
|62    |          \ramloop[33].ram.r                 |blk_mem_gen_prim_width__parameterized32   |     1|
|63    |            \prim_noinit.ram                 |blk_mem_gen_prim_wrapper__parameterized32 |     1|
|64    |          \ramloop[34].ram.r                 |blk_mem_gen_prim_width__parameterized33   |     1|
|65    |            \prim_noinit.ram                 |blk_mem_gen_prim_wrapper__parameterized33 |     1|
|66    |          \ramloop[35].ram.r                 |blk_mem_gen_prim_width__parameterized34   |     1|
|67    |            \prim_noinit.ram                 |blk_mem_gen_prim_wrapper__parameterized34 |     1|
|68    |          \ramloop[36].ram.r                 |blk_mem_gen_prim_width__parameterized35   |     1|
|69    |            \prim_noinit.ram                 |blk_mem_gen_prim_wrapper__parameterized35 |     1|
|70    |          \ramloop[37].ram.r                 |blk_mem_gen_prim_width__parameterized36   |     1|
|71    |            \prim_noinit.ram                 |blk_mem_gen_prim_wrapper__parameterized36 |     1|
|72    |          \ramloop[38].ram.r                 |blk_mem_gen_prim_width__parameterized37   |     1|
|73    |            \prim_noinit.ram                 |blk_mem_gen_prim_wrapper__parameterized37 |     1|
|74    |          \ramloop[39].ram.r                 |blk_mem_gen_prim_width__parameterized38   |     1|
|75    |            \prim_noinit.ram                 |blk_mem_gen_prim_wrapper__parameterized38 |     1|
|76    |          \ramloop[3].ram.r                  |blk_mem_gen_prim_width__parameterized2    |     1|
|77    |            \prim_noinit.ram                 |blk_mem_gen_prim_wrapper__parameterized2  |     1|
|78    |          \ramloop[40].ram.r                 |blk_mem_gen_prim_width__parameterized39   |     1|
|79    |            \prim_noinit.ram                 |blk_mem_gen_prim_wrapper__parameterized39 |     1|
|80    |          \ramloop[41].ram.r                 |blk_mem_gen_prim_width__parameterized40   |     1|
|81    |            \prim_noinit.ram                 |blk_mem_gen_prim_wrapper__parameterized40 |     1|
|82    |          \ramloop[42].ram.r                 |blk_mem_gen_prim_width__parameterized41   |     1|
|83    |            \prim_noinit.ram                 |blk_mem_gen_prim_wrapper__parameterized41 |     1|
|84    |          \ramloop[43].ram.r                 |blk_mem_gen_prim_width__parameterized42   |     1|
|85    |            \prim_noinit.ram                 |blk_mem_gen_prim_wrapper__parameterized42 |     1|
|86    |          \ramloop[44].ram.r                 |blk_mem_gen_prim_width__parameterized43   |     1|
|87    |            \prim_noinit.ram                 |blk_mem_gen_prim_wrapper__parameterized43 |     1|
|88    |          \ramloop[45].ram.r                 |blk_mem_gen_prim_width__parameterized44   |     1|
|89    |            \prim_noinit.ram                 |blk_mem_gen_prim_wrapper__parameterized44 |     1|
|90    |          \ramloop[46].ram.r                 |blk_mem_gen_prim_width__parameterized45   |     1|
|91    |            \prim_noinit.ram                 |blk_mem_gen_prim_wrapper__parameterized45 |     1|
|92    |          \ramloop[47].ram.r                 |blk_mem_gen_prim_width__parameterized46   |     1|
|93    |            \prim_noinit.ram                 |blk_mem_gen_prim_wrapper__parameterized46 |     1|
|94    |          \ramloop[48].ram.r                 |blk_mem_gen_prim_width__parameterized47   |     1|
|95    |            \prim_noinit.ram                 |blk_mem_gen_prim_wrapper__parameterized47 |     1|
|96    |          \ramloop[49].ram.r                 |blk_mem_gen_prim_width__parameterized48   |     1|
|97    |            \prim_noinit.ram                 |blk_mem_gen_prim_wrapper__parameterized48 |     1|
|98    |          \ramloop[4].ram.r                  |blk_mem_gen_prim_width__parameterized3    |     1|
|99    |            \prim_noinit.ram                 |blk_mem_gen_prim_wrapper__parameterized3  |     1|
|100   |          \ramloop[50].ram.r                 |blk_mem_gen_prim_width__parameterized49   |     1|
|101   |            \prim_noinit.ram                 |blk_mem_gen_prim_wrapper__parameterized49 |     1|
|102   |          \ramloop[51].ram.r                 |blk_mem_gen_prim_width__parameterized50   |     1|
|103   |            \prim_noinit.ram                 |blk_mem_gen_prim_wrapper__parameterized50 |     1|
|104   |          \ramloop[52].ram.r                 |blk_mem_gen_prim_width__parameterized51   |     1|
|105   |            \prim_noinit.ram                 |blk_mem_gen_prim_wrapper__parameterized51 |     1|
|106   |          \ramloop[53].ram.r                 |blk_mem_gen_prim_width__parameterized52   |     1|
|107   |            \prim_noinit.ram                 |blk_mem_gen_prim_wrapper__parameterized52 |     1|
|108   |          \ramloop[54].ram.r                 |blk_mem_gen_prim_width__parameterized53   |     1|
|109   |            \prim_noinit.ram                 |blk_mem_gen_prim_wrapper__parameterized53 |     1|
|110   |          \ramloop[55].ram.r                 |blk_mem_gen_prim_width__parameterized54   |     1|
|111   |            \prim_noinit.ram                 |blk_mem_gen_prim_wrapper__parameterized54 |     1|
|112   |          \ramloop[56].ram.r                 |blk_mem_gen_prim_width__parameterized55   |     1|
|113   |            \prim_noinit.ram                 |blk_mem_gen_prim_wrapper__parameterized55 |     1|
|114   |          \ramloop[57].ram.r                 |blk_mem_gen_prim_width__parameterized56   |     1|
|115   |            \prim_noinit.ram                 |blk_mem_gen_prim_wrapper__parameterized56 |     1|
|116   |          \ramloop[58].ram.r                 |blk_mem_gen_prim_width__parameterized57   |     1|
|117   |            \prim_noinit.ram                 |blk_mem_gen_prim_wrapper__parameterized57 |     1|
|118   |          \ramloop[59].ram.r                 |blk_mem_gen_prim_width__parameterized58   |     1|
|119   |            \prim_noinit.ram                 |blk_mem_gen_prim_wrapper__parameterized58 |     1|
|120   |          \ramloop[5].ram.r                  |blk_mem_gen_prim_width__parameterized4    |     3|
|121   |            \prim_noinit.ram                 |blk_mem_gen_prim_wrapper__parameterized4  |     3|
|122   |          \ramloop[60].ram.r                 |blk_mem_gen_prim_width__parameterized59   |     1|
|123   |            \prim_noinit.ram                 |blk_mem_gen_prim_wrapper__parameterized59 |     1|
|124   |          \ramloop[61].ram.r                 |blk_mem_gen_prim_width__parameterized60   |     1|
|125   |            \prim_noinit.ram                 |blk_mem_gen_prim_wrapper__parameterized60 |     1|
|126   |          \ramloop[62].ram.r                 |blk_mem_gen_prim_width__parameterized61   |     1|
|127   |            \prim_noinit.ram                 |blk_mem_gen_prim_wrapper__parameterized61 |     1|
|128   |          \ramloop[63].ram.r                 |blk_mem_gen_prim_width__parameterized62   |     1|
|129   |            \prim_noinit.ram                 |blk_mem_gen_prim_wrapper__parameterized62 |     1|
|130   |          \ramloop[64].ram.r                 |blk_mem_gen_prim_width__parameterized63   |     1|
|131   |            \prim_noinit.ram                 |blk_mem_gen_prim_wrapper__parameterized63 |     1|
|132   |          \ramloop[65].ram.r                 |blk_mem_gen_prim_width__parameterized64   |     1|
|133   |            \prim_noinit.ram                 |blk_mem_gen_prim_wrapper__parameterized64 |     1|
|134   |          \ramloop[66].ram.r                 |blk_mem_gen_prim_width__parameterized65   |     1|
|135   |            \prim_noinit.ram                 |blk_mem_gen_prim_wrapper__parameterized65 |     1|
|136   |          \ramloop[67].ram.r                 |blk_mem_gen_prim_width__parameterized66   |     1|
|137   |            \prim_noinit.ram                 |blk_mem_gen_prim_wrapper__parameterized66 |     1|
|138   |          \ramloop[68].ram.r                 |blk_mem_gen_prim_width__parameterized67   |     1|
|139   |            \prim_noinit.ram                 |blk_mem_gen_prim_wrapper__parameterized67 |     1|
|140   |          \ramloop[69].ram.r                 |blk_mem_gen_prim_width__parameterized68   |     1|
|141   |            \prim_noinit.ram                 |blk_mem_gen_prim_wrapper__parameterized68 |     1|
|142   |          \ramloop[6].ram.r                  |blk_mem_gen_prim_width__parameterized5    |     1|
|143   |            \prim_noinit.ram                 |blk_mem_gen_prim_wrapper__parameterized5  |     1|
|144   |          \ramloop[70].ram.r                 |blk_mem_gen_prim_width__parameterized69   |     1|
|145   |            \prim_noinit.ram                 |blk_mem_gen_prim_wrapper__parameterized69 |     1|
|146   |          \ramloop[71].ram.r                 |blk_mem_gen_prim_width__parameterized70   |     1|
|147   |            \prim_noinit.ram                 |blk_mem_gen_prim_wrapper__parameterized70 |     1|
|148   |          \ramloop[72].ram.r                 |blk_mem_gen_prim_width__parameterized71   |     1|
|149   |            \prim_noinit.ram                 |blk_mem_gen_prim_wrapper__parameterized71 |     1|
|150   |          \ramloop[73].ram.r                 |blk_mem_gen_prim_width__parameterized72   |     1|
|151   |            \prim_noinit.ram                 |blk_mem_gen_prim_wrapper__parameterized72 |     1|
|152   |          \ramloop[74].ram.r                 |blk_mem_gen_prim_width__parameterized73   |     1|
|153   |            \prim_noinit.ram                 |blk_mem_gen_prim_wrapper__parameterized73 |     1|
|154   |          \ramloop[75].ram.r                 |blk_mem_gen_prim_width__parameterized74   |     1|
|155   |            \prim_noinit.ram                 |blk_mem_gen_prim_wrapper__parameterized74 |     1|
|156   |          \ramloop[76].ram.r                 |blk_mem_gen_prim_width__parameterized75   |     1|
|157   |            \prim_noinit.ram                 |blk_mem_gen_prim_wrapper__parameterized75 |     1|
|158   |          \ramloop[77].ram.r                 |blk_mem_gen_prim_width__parameterized76   |     1|
|159   |            \prim_noinit.ram                 |blk_mem_gen_prim_wrapper__parameterized76 |     1|
|160   |          \ramloop[78].ram.r                 |blk_mem_gen_prim_width__parameterized77   |     1|
|161   |            \prim_noinit.ram                 |blk_mem_gen_prim_wrapper__parameterized77 |     1|
|162   |          \ramloop[79].ram.r                 |blk_mem_gen_prim_width__parameterized78   |     1|
|163   |            \prim_noinit.ram                 |blk_mem_gen_prim_wrapper__parameterized78 |     1|
|164   |          \ramloop[7].ram.r                  |blk_mem_gen_prim_width__parameterized6    |     1|
|165   |            \prim_noinit.ram                 |blk_mem_gen_prim_wrapper__parameterized6  |     1|
|166   |          \ramloop[80].ram.r                 |blk_mem_gen_prim_width__parameterized79   |     1|
|167   |            \prim_noinit.ram                 |blk_mem_gen_prim_wrapper__parameterized79 |     1|
|168   |          \ramloop[81].ram.r                 |blk_mem_gen_prim_width__parameterized80   |     1|
|169   |            \prim_noinit.ram                 |blk_mem_gen_prim_wrapper__parameterized80 |     1|
|170   |          \ramloop[82].ram.r                 |blk_mem_gen_prim_width__parameterized81   |     1|
|171   |            \prim_noinit.ram                 |blk_mem_gen_prim_wrapper__parameterized81 |     1|
|172   |          \ramloop[83].ram.r                 |blk_mem_gen_prim_width__parameterized82   |     1|
|173   |            \prim_noinit.ram                 |blk_mem_gen_prim_wrapper__parameterized82 |     1|
|174   |          \ramloop[84].ram.r                 |blk_mem_gen_prim_width__parameterized83   |     1|
|175   |            \prim_noinit.ram                 |blk_mem_gen_prim_wrapper__parameterized83 |     1|
|176   |          \ramloop[85].ram.r                 |blk_mem_gen_prim_width__parameterized84   |     1|
|177   |            \prim_noinit.ram                 |blk_mem_gen_prim_wrapper__parameterized84 |     1|
|178   |          \ramloop[8].ram.r                  |blk_mem_gen_prim_width__parameterized7    |     1|
|179   |            \prim_noinit.ram                 |blk_mem_gen_prim_wrapper__parameterized7  |     1|
|180   |          \ramloop[9].ram.r                  |blk_mem_gen_prim_width__parameterized8    |     1|
|181   |            \prim_noinit.ram                 |blk_mem_gen_prim_wrapper__parameterized8  |     1|
+------+---------------------------------------------+------------------------------------------+------+
---------------------------------------------------------------------------------
Finished Writing Synthesis Report : Time (s): cpu = 00:03:18 ; elapsed = 00:03:27 . Memory (MB): peak = 1019.996 ; gain = 674.098
---------------------------------------------------------------------------------
Synthesis finished with 0 errors, 0 critical warnings and 3425 warnings.
Synthesis Optimization Runtime : Time (s): cpu = 00:00:23 ; elapsed = 00:03:14 . Memory (MB): peak = 1019.996 ; gain = 408.277
Synthesis Optimization Complete : Time (s): cpu = 00:03:18 ; elapsed = 00:03:27 . Memory (MB): peak = 1019.996 ; gain = 674.098
INFO: [Project 1-571] Translating synthesized netlist
INFO: [Netlist 29-17] Analyzing 86 Unisim elements for replacement
INFO: [Netlist 29-28] Unisim Transformation completed in 0 CPU seconds
INFO: [Project 1-570] Preparing netlist for logic optimization
INFO: [Opt 31-138] Pushed 0 inverter(s) to 0 load pin(s).
INFO: [Project 1-111] Unisim Transformation Summary:
No Unisim elements were transformed.

INFO: [Common 17-83] Releasing license: Synthesis
17 Infos, 100 Warnings, 0 Critical Warnings and 0 Errors encountered.
synth_design completed successfully
synth_design: Time (s): cpu = 00:03:22 ; elapsed = 00:03:33 . Memory (MB): peak = 1019.996 ; gain = 685.574
INFO: [Common 17-1381] The checkpoint 'F:/work files/AHeap-vivado/AHeap/AHeap.runs/blk_mem_gen_1_synth_1/blk_mem_gen_1.dcp' has been generated.
